This is pdfTeX, Version 3.141592653-2.6-1.40.24 (MiKTeX 22.1) (preloaded format=pdflatex 2024.4.6)  10 APR 2024 11:15
entering extended mode
 restricted \write18 enabled.
 file:line:error style messages enabled.
 %&-line parsing enabled.
**/Users/admin/Github/Algoritmos_y_Estructuras_de_Datos_II/practicas/p3/main.tex
(/Users/admin/Github/Algoritmos_y_Estructuras_de_Datos_II/practicas/p3/main.tex
LaTeX2e <2023-11-01> patch level 1
L3 programming layer <2024-03-14>
(/Users/admin/Library/Application Support/MiKTeX/texmfs/install/tex/latex/base/report.cls
Document Class: report 2023/05/17 v1.4n Standard LaTeX document class
(/Users/admin/Library/Application Support/MiKTeX/texmfs/install/tex/latex/base/size12.clo
File: size12.clo 2023/05/17 v1.4n Standard LaTeX file (size option)
)
\c@part=\count188
\c@chapter=\count189
\c@section=\count190
\c@subsection=\count191
\c@subsubsection=\count192
\c@paragraph=\count193
\c@subparagraph=\count194
\c@figure=\count195
\c@table=\count196
\abovecaptionskip=\skip48
\belowcaptionskip=\skip49
\bibindent=\dimen140
) (/Users/admin/Library/Application Support/MiKTeX/texmfs/install/tex/latex/l3backend/l3backend-pdftex.def
File: l3backend-pdftex.def 2024-03-14 L3 backend support: PDF output (pdfTeX)
\l__color_backend_stack_int=\count197
\l__pdf_internal_box=\box51
) (main.aux)
\openout1 = `main.aux'.

LaTeX Font Info:    Checking defaults for OML/cmm/m/it on input line 3.
LaTeX Font Info:    ... okay on input line 3.
LaTeX Font Info:    Checking defaults for OMS/cmsy/m/n on input line 3.
LaTeX Font Info:    ... okay on input line 3.
LaTeX Font Info:    Checking defaults for OT1/cmr/m/n on input line 3.
LaTeX Font Info:    ... okay on input line 3.
LaTeX Font Info:    Checking defaults for T1/cmr/m/n on input line 3.
LaTeX Font Info:    ... okay on input line 3.
LaTeX Font Info:    Checking defaults for TS1/cmr/m/n on input line 3.
LaTeX Font Info:    ... okay on input line 3.
LaTeX Font Info:    Checking defaults for OMX/cmex/m/n on input line 3.
LaTeX Font Info:    ... okay on input line 3.
LaTeX Font Info:    Checking defaults for U/cmr/m/n on input line 3.
LaTeX Font Info:    ... okay on input line 3.
 [1

{/Users/admin/Library/Application Support/MiKTeX/texmfs/data/fonts/map/pdftex/pdftex.map}]
LaTeX Font Info:    External font `cmex10' loaded for size
(Font)              <12> on input line 44.
LaTeX Font Info:    External font `cmex10' loaded for size
(Font)              <8> on input line 44.
LaTeX Font Info:    External font `cmex10' loaded for size
(Font)              <6> on input line 44.
 [1] (main.aux)
 ***********
LaTeX2e <2023-11-01> patch level 1
L3 programming layer <2024-03-14>
 ***********
 ) 
Here is how much of TeX's memory you used:
 474 strings out of 476358
 9223 string characters out of 5791357
 1929493 words of memory out of 5000000
 22649 multiletter control sequences out of 15000+600000
 562930 words of font info for 52 fonts, out of 8000000 for 9000
 0 hyphenation exceptions out of 8191
 35i,5n,50p,236b,176s stack positions out of 10000i,1000n,20000p,200000b,200000s
 </Users/admin/Library/Application Support/MiKTeX/texmfs/data/fonts/pk/ljfour/public/cm/dpi720/cmsy10.pk> </Users/admin/Library/Application Support/MiKTeX/texmfs/data/fonts/pk/ljfour/public/cm/dpi600/cmmi12.pk> </Users/admin/Library/Application Support/MiKTeX/texmfs/data/fonts/pk/ljfour/public/cm/dpi600/cmex10.pk> </Users/admin/Library/Application Support/MiKTeX/texmfs/data/fonts/pk/ljfour/public/cm/dpi600/cmr12.pk> </Users/admin/Library/Application Support/MiKTeX/texmfs/data/fonts/pk/ljfour/public/cm/dpi600/cmbx12.pk> </Users/admin/Library/Application Support/MiKTeX/texmfs/data/fonts/pk/ljfour/public/cm/dpi864/cmbx12.pk> </Users/admin/Library/Application Support/MiKTeX/texmfs/data/fonts/pk/ljfour/public/cm/dpi600/cmr17.pk> </Users/admin/Library/Application Support/MiKTeX/texmfs/data/fonts/pk/ljfour/public/cm/dpi1037/cmbx12.pk> </Users/admin/Library/Application Support/MiKTeX/texmfs/data/fonts/pk/ljfour/public/cm/dpi1244/cmbx12.pk>
Output written on main.pdf (2 pages, 60778 bytes).
PDF statistics:
 189 PDF objects out of 1000 (max. 8388607)
 0 named destinations out of 1000 (max. 500000)
 1 words of extra memory for PDF output out of 10000 (max. 10000000)

